<?xml version="1.0" encoding="UTF-8"?>
<!-- Generated by org.testng.reporters.JUnitReportReporter -->
<testsuite hostname="KM98" failures="0" tests="6" name="testCases.TC_003_LoginDDT" time="49.441" errors="0" timestamp="2024-10-04T19:18:43 IST" skipped="0">
  <testcase classname="testCases.TC_003_LoginDDT" name="verify_loginDDT" time="2.047"/>
  <testcase classname="testCases.TC_003_LoginDDT" name="verify_loginDDT" time="10.982"/>
  <testcase classname="testCases.TC_003_LoginDDT" name="verify_loginDDT" time="11.310"/>
  <testcase classname="testCases.TC_003_LoginDDT" name="verify_loginDDT" time="11.455"/>
  <testcase classname="testCases.TC_003_LoginDDT" name="verify_loginDDT" time="11.406"/>
  <testcase classname="testCases.TC_003_LoginDDT" name="verify_loginDDT" time="2.241"/>
</testsuite> <!-- testCases.TC_003_LoginDDT -->
